<?xml version="1.0" encoding="UTF-8"?>
<coverage generated="1780007712664" clover="3.2.0">
  <project timestamp="1780007712664" name="All files">
    <metrics statements="84" coveredstatements="79" conditionals="76" coveredconditionals="51" methods="14" coveredmethods="14" elements="174" coveredelements="144" complexity="0" loc="84" ncloc="84" packages="2" files="5" classes="5"/>
    <package name="context">
      <metrics statements="1" coveredstatements="1" conditionals="0" coveredconditionals="0" methods="0" coveredmethods="0"/>
      <file name="HeroesContext.tsx" path="C:\Users\Milton Valencia R\Desktop\react\SuperHero_App\src\context\HeroesContext.tsx">
        <metrics statements="1" coveredstatements="1" conditionals="0" coveredconditionals="0" methods="0" coveredmethods="0"/>
        <line num="16" count="1" type="stmt"/>
      </file>
    </package>
    <package name="features.heroes.hooks">
      <metrics statements="83" coveredstatements="78" conditionals="76" coveredconditionals="51" methods="14" coveredmethods="14"/>
      <file name="useFavorite.tsx" path="C:\Users\Milton Valencia R\Desktop\react\SuperHero_App\src\features\heroes\hooks\useFavorite.tsx">
        <metrics statements="26" coveredstatements="26" conditionals="22" coveredconditionals="18" methods="5" coveredmethods="5"/>
        <line num="3" count="15" type="cond" truecount="2" falsecount="0"/>
        <line num="4" count="15" type="cond" truecount="2" falsecount="0"/>
        <line num="7" count="15" type="stmt"/>
        <line num="9" count="8" type="cond" truecount="4" falsecount="0"/>
        <line num="12" count="7" type="stmt"/>
        <line num="15" count="7" type="cond" truecount="2" falsecount="0"/>
        <line num="20" count="8" type="stmt"/>
        <line num="22" count="8" type="cond" truecount="2" falsecount="0"/>
        <line num="24" count="1" type="stmt"/>
        <line num="25" count="3" type="stmt"/>
        <line num="29" count="1" type="stmt"/>
        <line num="31" count="1" type="stmt"/>
        <line num="36" count="6" type="stmt"/>
        <line num="38" count="6" type="stmt"/>
        <line num="40" count="6" type="stmt"/>
        <line num="41" count="15" type="cond" truecount="1" falsecount="1"/>
        <line num="44" count="15" type="stmt"/>
        <line num="45" count="1" type="stmt"/>
        <line num="46" count="15" type="cond" truecount="2" falsecount="0"/>
        <line num="49" count="15" type="stmt"/>
        <line num="50" count="1" type="stmt"/>
        <line num="51" count="1" type="cond" truecount="1" falsecount="1"/>
        <line num="52" count="1" type="stmt"/>
        <line num="54" count="15" type="cond" truecount="2" falsecount="2"/>
        <line num="56" count="15" type="stmt"/>
        <line num="64" count="15" type="stmt"/>
      </file>
      <file name="useHeroes.tsx" path="C:\Users\Milton Valencia R\Desktop\react\SuperHero_App\src\features\heroes\hooks\useHeroes.tsx">
        <metrics statements="14" coveredstatements="13" conditionals="2" coveredconditionals="2" methods="2" coveredmethods="2"/>
        <line num="7" count="1" type="stmt"/>
        <line num="8" count="7" type="stmt"/>
        <line num="10" count="7" type="stmt"/>
        <line num="13" count="7" type="stmt"/>
        <line num="14" count="3" type="stmt"/>
        <line num="16" count="3" type="stmt"/>
        <line num="19" count="3" type="cond" truecount="2" falsecount="0"/>
        <line num="20" count="1" type="stmt"/>
        <line num="25" count="3" type="stmt"/>
        <line num="28" count="3" type="stmt"/>
        <line num="31" count="3" type="stmt"/>
        <line num="33" count="0" type="stmt"/>
        <line num="35" count="3" type="stmt"/>
        <line num="39" count="7" type="stmt"/>
      </file>
      <file name="useHeroesStats.tsx" path="C:\Users\Milton Valencia R\Desktop\react\SuperHero_App\src\features\heroes\hooks\useHeroesStats.tsx">
        <metrics statements="24" coveredstatements="20" conditionals="30" coveredconditionals="16" methods="2" coveredmethods="2"/>
        <line num="5" count="80" type="stmt"/>
        <line num="6" count="5" type="stmt"/>
        <line num="9" count="5" type="stmt"/>
        <line num="12" count="5" type="cond" truecount="2" falsecount="0"/>
        <line num="14" count="5" type="cond" truecount="2" falsecount="2"/>
        <line num="15" count="0" type="stmt"/>
        <line num="17" count="5" type="stmt"/>
        <line num="19" count="5" type="stmt"/>
        <line num="20" count="5" type="cond" truecount="3" falsecount="1"/>
        <line num="22" count="4" type="stmt"/>
        <line num="23" count="76" type="cond" truecount="1" falsecount="1"/>
        <line num="25" count="0" type="stmt"/>
        <line num="28" count="0" type="stmt"/>
        <line num="29" count="5" type="stmt"/>
        <line num="31" count="5" type="stmt"/>
        <line num="32" count="5" type="cond" truecount="3" falsecount="1"/>
        <line num="34" count="4" type="stmt"/>
        <line num="35" count="76" type="cond" truecount="1" falsecount="1"/>
        <line num="37" count="0" type="stmt"/>
        <line num="40" count="5" type="stmt"/>
        <line num="42" count="5" type="cond" truecount="1" falsecount="1"/>
        <line num="46" count="5" type="cond" truecount="1" falsecount="1"/>
        <line num="47" count="5" type="cond" truecount="2" falsecount="6"/>
        <line num="48" count="5" type="stmt"/>
      </file>
      <file name="usePagination.tsx" path="C:\Users\Milton Valencia R\Desktop\react\SuperHero_App\src\features\heroes\hooks\usePagination.tsx">
        <metrics statements="19" coveredstatements="19" conditionals="22" coveredconditionals="15" methods="5" coveredmethods="5"/>
        <line num="4" count="14" type="stmt"/>
        <line num="5" count="14" type="stmt"/>
        <line num="6" count="14" type="stmt"/>
        <line num="7" count="14" type="stmt"/>
        <line num="8" count="14" type="stmt"/>
        <line num="9" count="14" type="cond" truecount="2" falsecount="0"/>
        <line num="11" count="14" type="stmt"/>
        <line num="13" count="8" type="stmt"/>
        <line num="14" count="14" type="cond" truecount="5" falsecount="1"/>
        <line num="16" count="14" type="stmt"/>
        <line num="17" count="2" type="cond" truecount="2" falsecount="0"/>
        <line num="18" count="1" type="stmt"/>
        <line num="19" count="14" type="cond" truecount="2" falsecount="0"/>
        <line num="21" count="14" type="stmt"/>
        <line num="22" count="2" type="cond" truecount="2" falsecount="0"/>
        <line num="23" count="1" type="stmt"/>
        <line num="24" count="14" type="cond" truecount="2" falsecount="6"/>
        <line num="25" count="14" type="stmt"/>
        <line num="35" count="14" type="stmt"/>
      </file>
    </package>
  </project>
</coverage>
