{"C:\\Users\\Milton Valencia R\\Desktop\\react\\SuperHero_App\\src\\context\\HeroesContext.tsx": {"path":"C:\\Users\\Milton Valencia R\\Desktop\\react\\SuperHero_App\\src\\context\\HeroesContext.tsx","statementMap":{"0":{"start":{"line":16,"column":13},"end":{"line":17,"column":null}}},"fnMap":{},"branchMap":{},"s":{"0":1},"f":{},"b":{},"meta":{"lastBranch":0,"lastFunction":0,"lastStatement":1,"seen":{"s:16:13:17:Infinity":0}}}
,"C:\\Users\\Milton Valencia R\\Desktop\\react\\SuperHero_App\\src\\features\\heroes\\hooks\\useFavorite.tsx": {"path":"C:\\Users\\Milton Valencia R\\Desktop\\react\\SuperHero_App\\src\\features\\heroes\\hooks\\useFavorite.tsx","statementMap":{"0":{"start":{"line":3,"column":13},"end":{"line":56,"column":null}},"1":{"start":{"line":3,"column":27},"end":{"line":3,"column":null}},"2":{"start":{"line":3,"column":27},"end":{"line":4,"column":72}},"3":{"start":{"line":4,"column":69},"end":{"line":4,"column":72}},"4":{"start":{"line":4,"column":71},"end":{"line":4,"column":72}},"5":{"start":{"line":4,"column":2},"end":{"line":4,"column":71}},"6":{"start":{"line":4,"column":73},"end":{"line":41,"column":4}},"7":{"start":{"line":7,"column":27},"end":{"line":40,"column":null}},"8":{"start":{"line":9,"column":4},"end":{"line":9,"column":null}},"9":{"start":{"line":9,"column":40},"end":{"line":9,"column":null}},"10":{"start":{"line":12,"column":35},"end":{"line":12,"column":70}},"11":{"start":{"line":15,"column":39},"end":{"line":15,"column":null}},"12":{"start":{"line":20,"column":29},"end":{"line":20,"column":58}},"13":{"start":{"line":22,"column":4},"end":{"line":31,"column":null}},"14":{"start":{"line":24,"column":30},"end":{"line":25,"column":null}},"15":{"start":{"line":25,"column":20},"end":{"line":25,"column":null}},"16":{"start":{"line":29,"column":6},"end":{"line":29,"column":null}},"17":{"start":{"line":31,"column":6},"end":{"line":31,"column":null}},"18":{"start":{"line":31,"column":74},"end":{"line":31,"column":null}},"19":{"start":{"line":36,"column":28},"end":{"line":36,"column":53}},"20":{"start":{"line":38,"column":4},"end":{"line":38,"column":null}},"21":{"start":{"line":40,"column":4},"end":{"line":40,"column":null}},"22":{"start":{"line":41,"column":3},"end":{"line":41,"column":4}},"23":{"start":{"line":7,"column":27},"end":{"line":7,"column":null}},"24":{"start":{"line":41,"column":4},"end":{"line":46,"column":4}},"25":{"start":{"line":44,"column":21},"end":{"line":46,"column":4}},"26":{"start":{"line":45,"column":11},"end":{"line":45,"column":null}},"27":{"start":{"line":46,"column":3},"end":{"line":46,"column":4}},"28":{"start":{"line":44,"column":21},"end":{"line":44,"column":null}},"29":{"start":{"line":46,"column":4},"end":{"line":54,"column":4}},"30":{"start":{"line":49,"column":24},"end":{"line":52,"column":null}},"31":{"start":{"line":50,"column":35},"end":{"line":50,"column":70}},"32":{"start":{"line":51,"column":4},"end":{"line":52,"column":null}},"33":{"start":{"line":52,"column":6},"end":{"line":52,"column":null}},"34":{"start":{"line":54,"column":3},"end":{"line":54,"column":4}},"35":{"start":{"line":49,"column":24},"end":{"line":49,"column":null}},"36":{"start":{"line":54,"column":4},"end":{"line":64,"column":null}},"37":{"start":{"line":56,"column":9},"end":{"line":64,"column":null}},"38":{"start":{"line":64,"column":3},"end":{"line":64,"column":null}},"39":{"start":{"line":64,"column":3},"end":{"line":56,"column":null}}},"fnMap":{"0":{"name":"(anonymous_0)","decl":{"start":{"line":3,"column":13},"end":{"line":3,"column":27}},"loc":{"start":{"line":3,"column":27},"end":{"line":56,"column":null}},"line":3},"1":{"name":"(anonymous_1)","decl":{"start":{"line":7,"column":27},"end":{"line":7,"column":null}},"loc":{"start":{"line":7,"column":27},"end":{"line":40,"column":null}},"line":7},"2":{"name":"(anonymous_2)","decl":{"start":{"line":24,"column":46},"end":{"line":24,"column":null}},"loc":{"start":{"line":25,"column":20},"end":{"line":25,"column":null}},"line":25},"3":{"name":"(anonymous_3)","decl":{"start":{"line":44,"column":21},"end":{"line":44,"column":null}},"loc":{"start":{"line":45,"column":11},"end":{"line":45,"column":null}},"line":45},"4":{"name":"(anonymous_4)","decl":{"start":{"line":49,"column":24},"end":{"line":49,"column":null}},"loc":{"start":{"line":49,"column":24},"end":{"line":52,"column":null}},"line":49}},"branchMap":{"0":{"loc":{"start":{"line":3,"column":27},"end":{"line":4,"column":72}},"type":"if","locations":[{"start":{"line":3,"column":27},"end":{"line":4,"column":72}},{"start":{"line":4,"column":71},"end":{"line":4,"column":72}}],"line":3},"1":{"loc":{"start":{"line":4,"column":73},"end":{"line":41,"column":4}},"type":"if","locations":[{"start":{"line":4,"column":73},"end":{"line":41,"column":4}},{"start":{"line":41,"column":3},"end":{"line":41,"column":4}}],"line":4},"2":{"loc":{"start":{"line":9,"column":4},"end":{"line":9,"column":null}},"type":"if","locations":[{"start":{"line":9,"column":4},"end":{"line":9,"column":null}},{"start":{},"end":{}}],"line":9},"3":{"loc":{"start":{"line":9,"column":8},"end":{"line":9,"column":40}},"type":"binary-expr","locations":[{"start":{"line":9,"column":8},"end":{"line":9,"column":34}},{"start":{"line":9,"column":34},"end":{"line":9,"column":40}}],"line":9},"4":{"loc":{"start":{"line":15,"column":39},"end":{"line":15,"column":null}},"type":"cond-expr","locations":[{"start":{"line":16,"column":8},"end":{"line":16,"column":null}},{"start":{"line":15,"column":39},"end":{"line":15,"column":null}}],"line":15},"5":{"loc":{"start":{"line":22,"column":4},"end":{"line":31,"column":null}},"type":"if","locations":[{"start":{"line":22,"column":4},"end":{"line":31,"column":null}},{"start":{},"end":{}}],"line":22},"6":{"loc":{"start":{"line":41,"column":4},"end":{"line":46,"column":4}},"type":"if","locations":[{"start":{"line":41,"column":4},"end":{"line":46,"column":4}},{"start":{"line":46,"column":3},"end":{"line":46,"column":4}}],"line":41},"7":{"loc":{"start":{"line":46,"column":4},"end":{"line":54,"column":4}},"type":"if","locations":[{"start":{"line":46,"column":4},"end":{"line":54,"column":4}},{"start":{"line":54,"column":3},"end":{"line":54,"column":4}}],"line":46},"8":{"loc":{"start":{"line":51,"column":4},"end":{"line":52,"column":null}},"type":"if","locations":[{"start":{"line":51,"column":4},"end":{"line":52,"column":null}},{"start":{},"end":{}}],"line":51},"9":{"loc":{"start":{"line":54,"column":4},"end":{"line":64,"column":null}},"type":"if","locations":[{"start":{"line":54,"column":4},"end":{"line":64,"column":null}},{"start":{"line":64,"column":3},"end":{"line":64,"column":null}}],"line":54},"10":{"loc":{"start":{"line":54,"column":4},"end":{"line":54,"column":null}},"type":"binary-expr","locations":[{"start":{"line":54,"column":4},"end":{"line":54,"column":null}},{"start":{"line":54,"column":4},"end":{"line":54,"column":null}}],"line":54}},"s":{"0":1,"1":15,"2":15,"3":7,"4":8,"5":15,"6":15,"7":7,"8":8,"9":1,"10":7,"11":7,"12":8,"13":8,"14":1,"15":3,"16":1,"17":1,"18":1,"19":6,"20":6,"21":6,"22":8,"23":15,"24":15,"25":15,"26":1,"27":0,"28":15,"29":15,"30":7,"31":1,"32":1,"33":1,"34":8,"35":15,"36":15,"37":15,"38":0,"39":15},"f":{"0":15,"1":8,"2":3,"3":1,"4":1},"b":{"0":[7,8],"1":[7,8],"2":[1,7],"3":[8,8],"4":[3,4],"5":[1,7],"6":[15,0],"7":[7,8],"8":[1,0],"9":[15,0],"10":[15,0]},"meta":{"lastBranch":11,"lastFunction":5,"lastStatement":40,"seen":{"s:3:13:56:Infinity":0,"f:3:13:3:27":0,"s:3:27:3:Infinity":1,"b:3:27:4:72:4:71:4:72":0,"s:3:27:4:72":2,"s:4:69:4:72":3,"s:4:71:4:72":4,"s:4:2:4:71":5,"b:4:73:41:4:41:3:41:4":1,"s:4:73:41:4":6,"s:7:27:40:Infinity":7,"f:7:27:7:Infinity":1,"b:9:4:9:Infinity:undefined:undefined:undefined:undefined":2,"s:9:4:9:Infinity":8,"b:9:8:9:34:9:34:9:40":3,"s:9:40:9:Infinity":9,"s:12:35:12:70":10,"s:15:39:15:Infinity":11,"b:16:8:16:Infinity:15:39:15:Infinity":4,"s:20:29:20:58":12,"b:22:4:31:Infinity:undefined:undefined:undefined:undefined":5,"s:22:4:31:Infinity":13,"s:24:30:25:Infinity":14,"f:24:46:24:Infinity":2,"s:25:20:25:Infinity":15,"s:29:6:29:Infinity":16,"s:31:6:31:Infinity":17,"s:31:74:31:Infinity":18,"s:36:28:36:53":19,"s:38:4:38:Infinity":20,"s:40:4:40:Infinity":21,"s:41:3:41:4":22,"s:7:27:7:Infinity":23,"b:41:4:46:4:46:3:46:4":6,"s:41:4:46:4":24,"s:44:21:46:4":25,"f:44:21:44:Infinity":3,"s:45:11:45:Infinity":26,"s:46:3:46:4":27,"s:44:21:44:Infinity":28,"b:46:4:54:4:54:3:54:4":7,"s:46:4:54:4":29,"s:49:24:52:Infinity":30,"f:49:24:49:Infinity":4,"s:50:35:50:70":31,"b:51:4:52:Infinity:undefined:undefined:undefined:undefined":8,"s:51:4:52:Infinity":32,"s:52:6:52:Infinity":33,"s:54:3:54:4":34,"s:49:24:49:Infinity":35,"b:54:4:64:Infinity:64:3:64:Infinity":9,"s:54:4:64:Infinity":36,"b:54:4:54:Infinity:54:4:54:Infinity":10,"s:56:9:64:Infinity":37,"s:64:3:64:Infinity":38,"s:64:3:56:Infinity":39}}}
,"C:\\Users\\Milton Valencia R\\Desktop\\react\\SuperHero_App\\src\\features\\heroes\\hooks\\useHeroes.tsx": {"path":"C:\\Users\\Milton Valencia R\\Desktop\\react\\SuperHero_App\\src\\features\\heroes\\hooks\\useHeroes.tsx","statementMap":{"0":{"start":{"line":7,"column":13},"end":{"line":46,"column":null}},"1":{"start":{"line":8,"column":17},"end":{"line":8,"column":55}},"2":{"start":{"line":10,"column":18},"end":{"line":10,"column":46}},"3":{"start":{"line":13,"column":8},"end":{"line":37,"column":8}},"4":{"start":{"line":14,"column":4},"end":{"line":35,"column":null}},"5":{"start":{"line":16,"column":27},"end":{"line":16,"column":57}},"6":{"start":{"line":19,"column":6},"end":{"line":20,"column":null}},"7":{"start":{"line":20,"column":8},"end":{"line":20,"column":null}},"8":{"start":{"line":25,"column":19},"end":{"line":25,"column":46}},"9":{"start":{"line":28,"column":6},"end":{"line":28,"column":null}},"10":{"start":{"line":31,"column":6},"end":{"line":31,"column":null}},"11":{"start":{"line":33,"column":6},"end":{"line":33,"column":null}},"12":{"start":{"line":35,"column":6},"end":{"line":35,"column":null}},"13":{"start":{"line":39,"column":2},"end":{"line":46,"column":null}}},"fnMap":{"0":{"name":"(anonymous_0)","decl":{"start":{"line":7,"column":13},"end":{"line":7,"column":31}},"loc":{"start":{"line":7,"column":31},"end":{"line":46,"column":null}},"line":7},"1":{"name":"(anonymous_1)","decl":{"start":{"line":13,"column":33},"end":{"line":13,"column":45}},"loc":{"start":{"line":13,"column":45},"end":{"line":37,"column":7}},"line":13}},"branchMap":{"0":{"loc":{"start":{"line":19,"column":6},"end":{"line":20,"column":null}},"type":"if","locations":[{"start":{"line":19,"column":6},"end":{"line":20,"column":null}},{"start":{},"end":{}}],"line":19}},"s":{"0":1,"1":7,"2":7,"3":7,"4":3,"5":3,"6":3,"7":1,"8":3,"9":3,"10":3,"11":0,"12":3,"13":7},"f":{"0":7,"1":3},"b":{"0":[1,2]},"meta":{"lastBranch":1,"lastFunction":2,"lastStatement":14,"seen":{"s:7:13:46:Infinity":0,"f:7:13:7:31":0,"s:8:17:8:55":1,"s:10:18:10:46":2,"s:13:8:37:8":3,"f:13:33:13:45":1,"s:14:4:35:Infinity":4,"s:16:27:16:57":5,"b:19:6:20:Infinity:undefined:undefined:undefined:undefined":0,"s:19:6:20:Infinity":6,"s:20:8:20:Infinity":7,"s:25:19:25:46":8,"s:28:6:28:Infinity":9,"s:31:6:31:Infinity":10,"s:33:6:33:Infinity":11,"s:35:6:35:Infinity":12,"s:39:2:46:Infinity":13}}}
,"C:\\Users\\Milton Valencia R\\Desktop\\react\\SuperHero_App\\src\\features\\heroes\\hooks\\useHeroesStats.tsx": {"path":"C:\\Users\\Milton Valencia R\\Desktop\\react\\SuperHero_App\\src\\features\\heroes\\hooks\\useHeroesStats.tsx","statementMap":{"0":{"start":{"line":5,"column":13},"end":{"line":40,"column":null}},"1":{"start":{"line":5,"column":30},"end":{"line":5,"column":null}},"2":{"start":{"line":6,"column":2},"end":{"line":6,"column":64}},"3":{"start":{"line":12,"column":8},"end":{"line":12,"column":14}},"4":{"start":{"line":14,"column":13},"end":{"line":15,"column":null}},"5":{"start":{"line":9,"column":11},"end":{"line":15,"column":null}},"6":{"start":{"line":15,"column":5},"end":{"line":15,"column":null}},"7":{"start":{"line":9,"column":11},"end":{"line":9,"column":null}},"8":{"start":{"line":17,"column":4},"end":{"line":22,"column":17}},"9":{"start":{"line":20,"column":4},"end":{"line":20,"column":31}},"10":{"start":{"line":20,"column":24},"end":{"line":20,"column":36}},"11":{"start":{"line":20,"column":24},"end":{"line":20,"column":31}},"12":{"start":{"line":20,"column":36},"end":{"line":28,"column":null}},"13":{"start":{"line":22,"column":11},"end":{"line":28,"column":null}},"14":{"start":{"line":28,"column":6},"end":{"line":28,"column":null}},"15":{"start":{"line":22,"column":4},"end":{"line":22,"column":17}},"16":{"start":{"line":19,"column":24},"end":{"line":19,"column":null}},"17":{"start":{"line":29,"column":15},"end":{"line":34,"column":17}},"18":{"start":{"line":32,"column":4},"end":{"line":32,"column":31}},"19":{"start":{"line":32,"column":24},"end":{"line":32,"column":36}},"20":{"start":{"line":32,"column":24},"end":{"line":32,"column":31}},"21":{"start":{"line":32,"column":36},"end":{"line":37,"column":null}},"22":{"start":{"line":34,"column":11},"end":{"line":37,"column":null}},"23":{"start":{"line":37,"column":6},"end":{"line":37,"column":null}},"24":{"start":{"line":34,"column":4},"end":{"line":34,"column":17}},"25":{"start":{"line":31,"column":23},"end":{"line":31,"column":null}},"26":{"start":{"line":42,"column":17},"end":{"line":42,"column":30}},"27":{"start":{"line":42,"column":30},"end":{"line":46,"column":72}},"28":{"start":{"line":46,"column":20},"end":{"line":46,"column":72}},"29":{"start":{"line":46,"column":65},"end":{"line":46,"column":72}},"30":{"start":{"line":46,"column":72},"end":{"line":47,"column":null}},"31":{"start":{"line":47,"column":22},"end":{"line":47,"column":null}},"32":{"start":{"line":47,"column":66},"end":{"line":47,"column":null}},"33":{"start":{"line":47,"column":66},"end":{"line":48,"column":null}},"34":{"start":{"line":40,"column":9},"end":{"line":48,"column":null}},"35":{"start":{"line":48,"column":3},"end":{"line":48,"column":null}},"36":{"start":{"line":48,"column":3},"end":{"line":40,"column":null}},"37":{"start":{"line":23,"column":6},"end":{"line":24,"column":null}},"38":{"start":{"line":23,"column":50},"end":{"line":24,"column":null}},"39":{"start":{"line":25,"column":7},"end":{"line":27,"column":null}},"40":{"start":{"line":35,"column":6},"end":{"line":35,"column":72}},"41":{"start":{"line":35,"column":58},"end":{"line":35,"column":72}},"42":{"start":{"line":35,"column":72},"end":{"line":36,"column":null}},"43":{"start":{"line":5,"column":30},"end":{"line":46,"column":65}},"44":{"start":{"line":5,"column":30},"end":{"line":47,"column":66}}},"fnMap":{"0":{"name":"(anonymous_0)","decl":{"start":{"line":5,"column":13},"end":{"line":5,"column":30}},"loc":{"start":{"line":5,"column":30},"end":{"line":40,"column":null}},"line":5},"1":{"name":"_temp","decl":{"start":{"line":5,"column":30},"end":{"line":5,"column":null}},"loc":{"start":{"line":5,"column":30},"end":{"line":27,"column":null}},"line":5}},"branchMap":{"0":{"loc":{"start":{"line":12,"column":8},"end":{"line":12,"column":14}},"type":"cond-expr","locations":[{"start":{"line":13,"column":12},"end":{"line":13,"column":null}},{"start":{"line":12,"column":8},"end":{"line":12,"column":14}}],"line":12},"1":{"loc":{"start":{"line":14,"column":13},"end":{"line":15,"column":null}},"type":"if","locations":[{"start":{"line":14,"column":13},"end":{"line":15,"column":null}},{"start":{"line":15,"column":5},"end":{"line":15,"column":null}}],"line":14},"2":{"loc":{"start":{"line":14,"column":13},"end":{"line":14,"column":null}},"type":"binary-expr","locations":[{"start":{"line":14,"column":13},"end":{"line":14,"column":null}},{"start":{"line":14,"column":13},"end":{"line":14,"column":null}}],"line":14},"3":{"loc":{"start":{"line":20,"column":4},"end":{"line":20,"column":31}},"type":"if","locations":[{"start":{"line":20,"column":4},"end":{"line":20,"column":31}},{"start":{},"end":{}}],"line":20},"4":{"loc":{"start":{"line":20,"column":36},"end":{"line":28,"column":null}},"type":"if","locations":[{"start":{"line":20,"column":36},"end":{"line":28,"column":null}},{"start":{"line":28,"column":6},"end":{"line":28,"column":null}}],"line":20},"5":{"loc":{"start":{"line":32,"column":4},"end":{"line":32,"column":31}},"type":"if","locations":[{"start":{"line":32,"column":4},"end":{"line":32,"column":31}},{"start":{},"end":{}}],"line":32},"6":{"loc":{"start":{"line":32,"column":36},"end":{"line":37,"column":null}},"type":"if","locations":[{"start":{"line":32,"column":36},"end":{"line":37,"column":null}},{"start":{"line":37,"column":6},"end":{"line":37,"column":null}}],"line":32},"7":{"loc":{"start":{"line":42,"column":30},"end":{"line":46,"column":72}},"type":"if","locations":[{"start":{"line":42,"column":30},"end":{"line":46,"column":72}},{"start":{"line":46,"column":65},"end":{"line":46,"column":72}}],"line":42},"8":{"loc":{"start":{"line":46,"column":72},"end":{"line":47,"column":null}},"type":"if","locations":[{"start":{"line":46,"column":72},"end":{"line":47,"column":null}},{"start":{"line":47,"column":66},"end":{"line":47,"column":null}}],"line":46},"9":{"loc":{"start":{"line":47,"column":66},"end":{"line":48,"column":null}},"type":"if","locations":[{"start":{"line":47,"column":66},"end":{"line":48,"column":null}},{"start":{"line":48,"column":3},"end":{"line":48,"column":null}}],"line":47},"10":{"loc":{"start":{"line":47,"column":66},"end":{"line":47,"column":null}},"type":"binary-expr","locations":[{"start":{"line":47,"column":66},"end":{"line":47,"column":null}},{"start":{"line":47,"column":66},"end":{"line":47,"column":null}},{"start":{"line":47,"column":66},"end":{"line":47,"column":null}},{"start":{"line":47,"column":66},"end":{"line":47,"column":null}},{"start":{"line":47,"column":66},"end":{"line":47,"column":null}},{"start":{"line":47,"column":66},"end":{"line":47,"column":null}}],"line":47},"11":{"loc":{"start":{"line":23,"column":6},"end":{"line":24,"column":null}},"type":"if","locations":[{"start":{"line":23,"column":6},"end":{"line":24,"column":null}},{"start":{},"end":{}}],"line":23},"12":{"loc":{"start":{"line":35,"column":6},"end":{"line":35,"column":72}},"type":"if","locations":[{"start":{"line":35,"column":6},"end":{"line":35,"column":72}},{"start":{},"end":{}}],"line":35}},"s":{"0":1,"1":5,"2":5,"3":5,"4":5,"5":5,"6":0,"7":5,"8":5,"9":5,"10":1,"11":1,"12":4,"13":4,"14":0,"15":4,"16":5,"17":5,"18":5,"19":1,"20":1,"21":4,"22":4,"23":0,"24":4,"25":5,"26":5,"27":5,"28":5,"29":0,"30":5,"31":5,"32":0,"33":5,"34":5,"35":0,"36":5,"37":76,"38":76,"39":0,"40":76,"41":76,"42":0,"43":80,"44":80},"f":{"0":5,"1":312},"b":{"0":[4,1],"1":[5,0],"2":[5,0],"3":[1,4],"4":[4,0],"5":[1,4],"6":[4,0],"7":[5,0],"8":[5,0],"9":[5,0],"10":[5,0,0,0,0,0],"11":[76,0],"12":[76,0]},"meta":{"lastBranch":13,"lastFunction":2,"lastStatement":45,"seen":{"s:5:13:40:Infinity":0,"f:5:13:5:30":0,"s:5:30:5:Infinity":1,"s:6:2:6:64":2,"s:12:8:12:14":3,"b:13:12:13:Infinity:12:8:12:14":0,"b:14:13:15:Infinity:15:5:15:Infinity":1,"s:14:13:15:Infinity":4,"b:14:13:14:Infinity:14:13:14:Infinity":2,"s:9:11:15:Infinity":5,"s:15:5:15:Infinity":6,"s:9:11:9:Infinity":7,"s:17:4:22:17":8,"b:20:4:20:31:undefined:undefined:undefined:undefined":3,"s:20:4:20:31":9,"s:20:24:20:36":10,"s:20:24:20:31":11,"b:20:36:28:Infinity:28:6:28:Infinity":4,"s:20:36:28:Infinity":12,"s:22:11:28:Infinity":13,"s:28:6:28:Infinity":14,"s:22:4:22:17":15,"s:19:24:19:Infinity":16,"s:29:15:34:17":17,"b:32:4:32:31:undefined:undefined:undefined:undefined":5,"s:32:4:32:31":18,"s:32:24:32:36":19,"s:32:24:32:31":20,"b:32:36:37:Infinity:37:6:37:Infinity":6,"s:32:36:37:Infinity":21,"s:34:11:37:Infinity":22,"s:37:6:37:Infinity":23,"s:34:4:34:17":24,"s:31:23:31:Infinity":25,"s:42:17:42:30":26,"b:42:30:46:72:46:65:46:72":7,"s:42:30:46:72":27,"s:46:20:46:72":28,"s:46:65:46:72":29,"b:46:72:47:Infinity:47:66:47:Infinity":8,"s:46:72:47:Infinity":30,"s:47:22:47:Infinity":31,"s:47:66:47:Infinity":32,"b:47:66:48:Infinity:48:3:48:Infinity":9,"s:47:66:48:Infinity":33,"b:47:66:47:Infinity:47:66:47:Infinity:47:66:47:Infinity:47:66:47:Infinity:47:66:47:Infinity:47:66:47:Infinity":10,"s:40:9:48:Infinity":34,"s:48:3:48:Infinity":35,"s:48:3:40:Infinity":36,"f:5:30:5:Infinity":1,"b:23:6:24:Infinity:undefined:undefined:undefined:undefined":11,"s:23:6:24:Infinity":37,"s:23:50:24:Infinity":38,"s:25:7:27:Infinity":39,"b:35:6:35:72:undefined:undefined:undefined:undefined":12,"s:35:6:35:72":40,"s:35:58:35:72":41,"s:35:72:36:Infinity":42,"s:5:30:46:65":43,"s:5:30:47:66":44}}}
,"C:\\Users\\Milton Valencia R\\Desktop\\react\\SuperHero_App\\src\\features\\heroes\\hooks\\usePagination.tsx": {"path":"C:\\Users\\Milton Valencia R\\Desktop\\react\\SuperHero_App\\src\\features\\heroes\\hooks\\usePagination.tsx","statementMap":{"0":{"start":{"line":4,"column":13},"end":{"line":25,"column":null}},"1":{"start":{"line":4,"column":29},"end":{"line":4,"column":null}},"2":{"start":{"line":5,"column":2},"end":{"line":5,"column":51}},"3":{"start":{"line":7,"column":21},"end":{"line":7,"column":73}},"4":{"start":{"line":8,"column":2},"end":{"line":6,"column":null}},"5":{"start":{"line":6,"column":23},"end":{"line":9,"column":46}},"6":{"start":{"line":9,"column":46},"end":{"line":14,"column":5}},"7":{"start":{"line":11,"column":12},"end":{"line":13,"column":null}},"8":{"start":{"line":13,"column":4},"end":{"line":13,"column":null}},"9":{"start":{"line":14,"column":3},"end":{"line":14,"column":5}},"10":{"start":{"line":14,"column":3},"end":{"line":14,"column":14}},"11":{"start":{"line":14,"column":5},"end":{"line":14,"column":14}},"12":{"start":{"line":14,"column":13},"end":{"line":14,"column":14}},"13":{"start":{"line":11,"column":2},"end":{"line":14,"column":null}},"14":{"start":{"line":14,"column":14},"end":{"line":19,"column":4}},"15":{"start":{"line":16,"column":27},"end":{"line":18,"column":null}},"16":{"start":{"line":17,"column":4},"end":{"line":17,"column":null}},"17":{"start":{"line":17,"column":34},"end":{"line":17,"column":null}},"18":{"start":{"line":18,"column":4},"end":{"line":18,"column":null}},"19":{"start":{"line":19,"column":3},"end":{"line":19,"column":4}},"20":{"start":{"line":16,"column":27},"end":{"line":16,"column":null}},"21":{"start":{"line":19,"column":4},"end":{"line":24,"column":4}},"22":{"start":{"line":21,"column":27},"end":{"line":23,"column":null}},"23":{"start":{"line":22,"column":4},"end":{"line":22,"column":null}},"24":{"start":{"line":22,"column":25},"end":{"line":22,"column":null}},"25":{"start":{"line":23,"column":4},"end":{"line":23,"column":null}},"26":{"start":{"line":24,"column":3},"end":{"line":24,"column":4}},"27":{"start":{"line":21,"column":27},"end":{"line":21,"column":null}},"28":{"start":{"line":24,"column":4},"end":{"line":35,"column":null}},"29":{"start":{"line":25,"column":9},"end":{"line":35,"column":null}},"30":{"start":{"line":35,"column":3},"end":{"line":35,"column":null}},"31":{"start":{"line":35,"column":3},"end":{"line":25,"column":null}},"32":{"start":{"line":4,"column":29},"end":{"line":18,"column":38}},"33":{"start":{"line":4,"column":29},"end":{"line":23,"column":38}}},"fnMap":{"0":{"name":"(anonymous_0)","decl":{"start":{"line":4,"column":13},"end":{"line":4,"column":29}},"loc":{"start":{"line":4,"column":29},"end":{"line":25,"column":null}},"line":4},"1":{"name":"(anonymous_1)","decl":{"start":{"line":11,"column":12},"end":{"line":11,"column":null}},"loc":{"start":{"line":11,"column":12},"end":{"line":13,"column":null}},"line":11},"2":{"name":"(anonymous_2)","decl":{"start":{"line":16,"column":27},"end":{"line":16,"column":null}},"loc":{"start":{"line":16,"column":27},"end":{"line":18,"column":null}},"line":16},"3":{"name":"(anonymous_3)","decl":{"start":{"line":21,"column":27},"end":{"line":21,"column":null}},"loc":{"start":{"line":21,"column":27},"end":{"line":23,"column":null}},"line":21},"4":{"name":"_temp","decl":{"start":{"line":4,"column":29},"end":{"line":4,"column":null}},"loc":{"start":{"line":4,"column":29},"end":{"line":18,"column":38}},"line":4}},"branchMap":{"0":{"loc":{"start":{"line":9,"column":46},"end":{"line":14,"column":5}},"type":"if","locations":[{"start":{"line":9,"column":46},"end":{"line":14,"column":5}},{"start":{"line":14,"column":3},"end":{"line":14,"column":5}}],"line":9},"1":{"loc":{"start":{"line":14,"column":3},"end":{"line":14,"column":14}},"type":"if","locations":[{"start":{"line":14,"column":3},"end":{"line":14,"column":14}},{"start":{"line":14,"column":13},"end":{"line":14,"column":14}}],"line":14},"2":{"loc":{"start":{"line":14,"column":14},"end":{"line":19,"column":4}},"type":"if","locations":[{"start":{"line":14,"column":14},"end":{"line":19,"column":4}},{"start":{"line":19,"column":3},"end":{"line":19,"column":4}}],"line":14},"3":{"loc":{"start":{"line":14,"column":14},"end":{"line":14,"column":null}},"type":"binary-expr","locations":[{"start":{"line":14,"column":14},"end":{"line":14,"column":null}},{"start":{"line":14,"column":14},"end":{"line":14,"column":null}}],"line":14},"4":{"loc":{"start":{"line":17,"column":4},"end":{"line":17,"column":null}},"type":"if","locations":[{"start":{"line":17,"column":4},"end":{"line":17,"column":null}},{"start":{},"end":{}}],"line":17},"5":{"loc":{"start":{"line":19,"column":4},"end":{"line":24,"column":4}},"type":"if","locations":[{"start":{"line":19,"column":4},"end":{"line":24,"column":4}},{"start":{"line":24,"column":3},"end":{"line":24,"column":4}}],"line":19},"6":{"loc":{"start":{"line":22,"column":4},"end":{"line":22,"column":null}},"type":"if","locations":[{"start":{"line":22,"column":4},"end":{"line":22,"column":null}},{"start":{},"end":{}}],"line":22},"7":{"loc":{"start":{"line":24,"column":4},"end":{"line":35,"column":null}},"type":"if","locations":[{"start":{"line":24,"column":4},"end":{"line":35,"column":null}},{"start":{"line":35,"column":3},"end":{"line":35,"column":null}}],"line":24},"8":{"loc":{"start":{"line":24,"column":4},"end":{"line":24,"column":null}},"type":"binary-expr","locations":[{"start":{"line":24,"column":4},"end":{"line":24,"column":null}},{"start":{"line":24,"column":4},"end":{"line":24,"column":null}},{"start":{"line":24,"column":4},"end":{"line":24,"column":null}},{"start":{"line":24,"column":4},"end":{"line":24,"column":null}},{"start":{"line":24,"column":4},"end":{"line":24,"column":null}},{"start":{"line":24,"column":4},"end":{"line":24,"column":null}}],"line":24}},"s":{"0":1,"1":14,"2":14,"3":14,"4":14,"5":14,"6":14,"7":7,"8":8,"9":7,"10":14,"11":8,"12":6,"13":14,"14":14,"15":14,"16":2,"17":1,"18":1,"19":0,"20":14,"21":14,"22":13,"23":2,"24":1,"25":1,"26":1,"27":14,"28":14,"29":14,"30":0,"31":14,"32":1,"33":1},"f":{"0":14,"1":8,"2":2,"3":2,"4":2},"b":{"0":[7,7],"1":[8,6],"2":[14,0],"3":[14,1],"4":[1,1],"5":[13,1],"6":[1,1],"7":[14,0],"8":[14,0,0,0,0,0]},"meta":{"lastBranch":9,"lastFunction":5,"lastStatement":34,"seen":{"s:4:13:25:Infinity":0,"f:4:13:4:29":0,"s:4:29:4:Infinity":1,"s:5:2:5:51":2,"s:7:21:7:73":3,"s:8:2:6:Infinity":4,"s:6:23:9:46":5,"b:9:46:14:5:14:3:14:5":0,"s:9:46:14:5":6,"s:11:12:13:Infinity":7,"f:11:12:11:Infinity":1,"s:13:4:13:Infinity":8,"s:14:3:14:5":9,"b:14:3:14:14:14:13:14:14":1,"s:14:3:14:14":10,"s:14:5:14:14":11,"s:14:13:14:14":12,"s:11:2:14:Infinity":13,"b:14:14:19:4:19:3:19:4":2,"s:14:14:19:4":14,"b:14:14:14:Infinity:14:14:14:Infinity":3,"s:16:27:18:Infinity":15,"f:16:27:16:Infinity":2,"b:17:4:17:Infinity:undefined:undefined:undefined:undefined":4,"s:17:4:17:Infinity":16,"s:17:34:17:Infinity":17,"s:18:4:18:Infinity":18,"s:19:3:19:4":19,"s:16:27:16:Infinity":20,"b:19:4:24:4:24:3:24:4":5,"s:19:4:24:4":21,"s:21:27:23:Infinity":22,"f:21:27:21:Infinity":3,"b:22:4:22:Infinity:undefined:undefined:undefined:undefined":6,"s:22:4:22:Infinity":23,"s:22:25:22:Infinity":24,"s:23:4:23:Infinity":25,"s:24:3:24:4":26,"s:21:27:21:Infinity":27,"b:24:4:35:Infinity:35:3:35:Infinity":7,"s:24:4:35:Infinity":28,"b:24:4:24:Infinity:24:4:24:Infinity:24:4:24:Infinity:24:4:24:Infinity:24:4:24:Infinity:24:4:24:Infinity":8,"s:25:9:35:Infinity":29,"s:35:3:35:Infinity":30,"s:35:3:25:Infinity":31,"f:4:29:4:Infinity":4,"s:4:29:18:38":32,"s:4:29:23:38":33}}}
}
